#
# There is insufficient memory for the Java Runtime Environment to continue.
# Native memory allocation (mmap) failed to map 65536 bytes for Failed to commit area from 0x000001bb36690000 to 0x000001bb366a0000 of length 65536.
# Possible reasons:
#   The system is out of physical RAM or swap space
#   The process is running with CompressedOops enabled, and the Java Heap may be blocking the growth of the native heap
# Possible solutions:
#   Reduce memory load on the system
#   Increase physical memory or swap space
#   Check if swap backing store is full
#   Decrease Java heap size (-Xmx/-Xms)
#   Decrease number of Java threads
#   Decrease Java thread stack sizes (-Xss)
#   Set larger code cache with -XX:ReservedCodeCacheSize=
# This output file may be truncated or incomplete.
#
#  Out of Memory Error (c:/BuildAgent/work/5ff2f6c26000d570/src/hotspot/os/windows/os_windows.cpp:3272), pid=18664, tid=17280
#
# JRE version:  (11.0.3+12) (build )
# Java VM: OpenJDK 64-Bit Server VM (11.0.3+12-b304.39, mixed mode, aot, sharing, tiered, compressed oops, g1 gc, windows-amd64)
# No core dump will be written. Minidumps are not enabled by default on client versions of Windows
#

---------------  S U M M A R Y ------------

Command Line: -Dfile.encoding=windows-1251 -Duser.country=RU -Duser.language=ru -Duser.variant nsu.fit.db.Main

Host: Intel(R) Core(TM) i5-6260U CPU @ 1.80GHz, 4 cores, 11G,  Windows 10 , 64 bit Build 14393 (10.0.14393.2758)
Time: Tue Oct 13 17:36:30 2020 Iiaineae?neia noaiaa?oiia a?aiy elapsed time: 0 seconds (0d 0h 0m 0s)

---------------  T H R E A D  ---------------

Current thread (0x000001bb22bda000):  JavaThread "Unknown thread" [_thread_in_vm, id=17280, stack(0x0000005958100000,0x0000005958200000)]

Stack: [0x0000005958100000,0x0000005958200000]
Native frames: (J=compiled Java code, j=interpreted, Vv=VM code, C=native code)
V  [jvm.dll+0x5da77a]
V  [jvm.dll+0x70b9c9]
V  [jvm.dll+0x70cee8]
V  [jvm.dll+0x70d5b3]
V  [jvm.dll+0x23ddc8]
V  [jvm.dll+0x5d7ef4]
V  [jvm.dll+0x5ccfc5]
V  [jvm.dll+0x2fa44b]
V  [jvm.dll+0x2fa3ba]
V  [jvm.dll+0x2fa292]
V  [jvm.dll+0x2ff265]
V  [jvm.dll+0x347bc6]
V  [jvm.dll+0x3475c3]
V  [jvm.dll+0x2d4f68]
V  [jvm.dll+0x2d6107]
V  [jvm.dll+0x6eabf7]
V  [jvm.dll+0x6ec38c]
V  [jvm.dll+0x354c29]
V  [jvm.dll+0x6d28ae]
V  [jvm.dll+0x3bd363]
V  [jvm.dll+0x3bf7a1]
C  [java.exe+0x3763]
C  [java.exe+0x17a0c]
C  [KERNEL32.DLL+0x84d4]
C  [ntdll.dll+0x6e851]


---------------  P R O C E S S  ---------------

Threads class SMR info:
_java_thread_list=0x000001bb20a83100, length=0, elements={
}

Java Threads: ( => current thread )

Other Threads:
  0x000001bb22bf0000 GCTaskThread "GC Thread#0" [stack: 0x0000005958300000,0x0000005958400000] [id=15740]
  0x000001bb22c34800 ConcurrentGCThread "G1 Main Marker" [stack: 0x0000005958400000,0x0000005958500000] [id=18576]
  0x000001bb22c36000 ConcurrentGCThread "G1 Conc#0" [stack: 0x0000005958500000,0x0000005958600000] [id=17696]

[error occurred during error reporting (printing all threads), id 0xc0000005, EXCEPTION_ACCESS_VIOLATION (0xc0000005) at pc=0x00007ff8ddd25507]

VM state:not at safepoint (not fully initialized)

VM Mutex/Monitor currently owned by a thread:  ([mutex/lock_event])
[0x000001bb22bd8790] Heap_lock - owner thread: 0x000001bb22bda000

Heap address: 0x0000000741a00000, size: 3046 MB, Compressed Oops mode: Non-zero based: 0x0000000741a00000
Narrow klass base: 0x0000000000000000, Narrow klass shift: 0

GC Heap History (0 events):
No events

Deoptimization events (0 events):
No events

Classes redefined (0 events):
No events

Internal exceptions (0 events):
No events

Events (0 events):
No events


Dynamic libraries:
0x00007ff7dcaf0000 - 0x00007ff7dcb37000 	C:\Program Files\JetBrains\IntelliJ IDEA Community Edition 2019.2.1\jbr\bin\java.exe
0x00007ff9237a0000 - 0x00007ff923970000 	C:\Windows\SYSTEM32\ntdll.dll
0x00007ff922f20000 - 0x00007ff922fcc000 	C:\Windows\System32\KERNEL32.DLL
0x00007ff91ff40000 - 0x00007ff92015d000 	C:\Windows\System32\KERNELBASE.dll
0x00007ff922750000 - 0x00007ff9228b5000 	C:\Windows\System32\USER32.dll
0x00007ff91ff20000 - 0x00007ff91ff3e000 	C:\Windows\System32\win32u.dll
0x00007ff922ee0000 - 0x00007ff922f14000 	C:\Windows\System32\GDI32.dll
0x00007ff91fd40000 - 0x00007ff91fec1000 	C:\Windows\System32\gdi32full.dll
0x00007ff914500000 - 0x00007ff91477a000 	C:\Windows\WinSxS\amd64_microsoft.windows.common-controls_6595b64144ccf1df_6.0.14393.2608_none_7ddacc7e8347078e\COMCTL32.dll
0x00007ff920d30000 - 0x00007ff920dce000 	C:\Windows\System32\msvcrt.dll
0x00007ff922480000 - 0x00007ff922745000 	C:\Windows\System32\combase.dll
0x00007ff9203a0000 - 0x00007ff920494000 	C:\Windows\System32\ucrtbase.dll
0x00007ff922db0000 - 0x00007ff922ed1000 	C:\Windows\System32\RPCRT4.dll
0x00007ff920160000 - 0x00007ff9201ca000 	C:\Windows\System32\bcryptPrimitives.dll
0x00007ff922450000 - 0x00007ff92247e000 	C:\Windows\System32\IMM32.DLL
0x00007ff8ee990000 - 0x00007ff8ee9a7000 	C:\Program Files\JetBrains\IntelliJ IDEA Community Edition 2019.2.1\jbr\bin\vcruntime140.dll
0x00007ff8ecc10000 - 0x00007ff8eccad000 	C:\Program Files\JetBrains\IntelliJ IDEA Community Edition 2019.2.1\jbr\bin\msvcp140.dll
0x00007ff8dda40000 - 0x00007ff8de4f7000 	C:\Program Files\JetBrains\IntelliJ IDEA Community Edition 2019.2.1\jbr\bin\server\jvm.dll
0x00007ff923690000 - 0x00007ff923732000 	C:\Windows\System32\ADVAPI32.dll
0x00007ff923740000 - 0x00007ff923799000 	C:\Windows\System32\sechost.dll
0x00007ff922a10000 - 0x00007ff922a18000 	C:\Windows\System32\PSAPI.DLL
0x00007ff91cbe0000 - 0x00007ff91cbe9000 	C:\Windows\SYSTEM32\WSOCK32.dll
0x00007ff9223e0000 - 0x00007ff92244a000 	C:\Windows\System32\WS2_32.dll
0x00007ff91dd60000 - 0x00007ff91dd83000 	C:\Windows\SYSTEM32\WINMM.dll
0x00007ff919ba0000 - 0x00007ff919baa000 	C:\Windows\SYSTEM32\VERSION.dll
0x00007ff91dd00000 - 0x00007ff91dd2b000 	C:\Windows\SYSTEM32\WINMMBASE.dll
0x00007ff91fed0000 - 0x00007ff91ff12000 	C:\Windows\System32\cfgmgr32.dll
0x00007ff91fc30000 - 0x00007ff91fc3f000 	C:\Windows\System32\kernel.appcore.dll
0x00007ff90b2e0000 - 0x00007ff90b2f1000 	C:\Program Files\JetBrains\IntelliJ IDEA Community Edition 2019.2.1\jbr\bin\verify.dll
0x00007ff91c130000 - 0x00007ff91c2c2000 	C:\Windows\SYSTEM32\DBGHELP.DLL
0x00007ff9199f0000 - 0x00007ff919a19000 	C:\Windows\SYSTEM32\dbgcore.DLL
0x00007ff8fb4c0000 - 0x00007ff8fb4e9000 	C:\Program Files\JetBrains\IntelliJ IDEA Community Edition 2019.2.1\jbr\bin\java.dll
0x00007ff90b110000 - 0x00007ff90b127000 	C:\Program Files\JetBrains\IntelliJ IDEA Community Edition 2019.2.1\jbr\bin\zip.dll
0x00007ff91ac90000 - 0x00007ff91ac9b000 	C:\Program Files\JetBrains\IntelliJ IDEA Community Edition 2019.2.1\jbr\bin\jimage.dll

dbghelp: loaded successfully - version: 4.0.5 - missing functions: none
symbol engine: initialized successfully - sym options: 0x614 - pdb path: .;C:\Program Files\JetBrains\IntelliJ IDEA Community Edition 2019.2.1\jbr\bin;C:\Windows\SYSTEM32;C:\Windows\WinSxS\amd64_microsoft.windows.common-controls_6595b64144ccf1df_6.0.14393.2608_none_7ddacc7e8347078e;C:\Program Files\JetBrains\IntelliJ IDEA Community Edition 2019.2.1\jbr\bin\server

VM Arguments:
jvm_args: -Dfile.encoding=windows-1251 -Duser.country=RU -Duser.language=ru -Duser.variant 
java_command: nsu.fit.db.Main
java_class_path (initial): C:\Users\Alt\Desktop\NSU\2020\¡ÛÍ¯Â‚\12\build\classes\java\main;C:\Users\Alt\Desktop\NSU\2020\¡ÛÍ¯Â‚\12\build\resources\main
Launcher Type: SUN_STANDARD

[Global flags]
     intx CICompilerCount                          = 3                                         {product} {ergonomic}
     uint ConcGCThreads                            = 1                                         {product} {ergonomic}
     uint G1ConcRefinementThreads                  = 4                                         {product} {ergonomic}
   size_t G1HeapRegionSize                         = 1048576                                   {product} {ergonomic}
    uintx GCDrainStackTargetSize                   = 64                                        {product} {ergonomic}
   size_t InitialHeapSize                          = 201326592                                 {product} {ergonomic}
   size_t MarkStackSize                            = 4194304                                   {product} {ergonomic}
   size_t MaxHeapSize                              = 3193962496                                {product} {ergonomic}
   size_t MinHeapDeltaBytes                        = 1048576                                   {product} {ergonomic}
    uintx NonNMethodCodeHeapSize                   = 5830092                                {pd product} {ergonomic}
    uintx NonProfiledCodeHeapSize                  = 122914074                              {pd product} {ergonomic}
    uintx ProfiledCodeHeapSize                     = 122914074                              {pd product} {ergonomic}
    uintx ReservedCodeCacheSize                    = 251658240                              {pd product} {ergonomic}
     bool SegmentedCodeCache                       = true                                      {product} {ergonomic}
     bool UseCompressedClassPointers               = true                                 {lp64_product} {ergonomic}
     bool UseCompressedOops                        = true                                 {lp64_product} {ergonomic}
     bool UseG1GC                                  = true                                      {product} {ergonomic}
     bool UseLargePagesIndividualAllocation        = false                                  {pd product} {ergonomic}

Logging:
Log output configuration:
 #0: stdout all=warning uptime,level,tags
 #1: stderr all=off uptime,level,tags

Environment Variables:
JAVA_HOME=C:\Program Files (x86)\Java\jdk-13
PATH=C:\ActiveTcl\bin;C:\Program Files\Haskell Platform\8.6.3\lib\extralibs\bin;C:\Program Files\Haskell Platform\8.6.3\bin;C:\Program Files (x86)\Common Files\Oracle\Java\javapath;C:\Program Files (x86)\Common Files\Intel\Shared Files\cpp\bin\Intel64;C:\ProgramData\Oracle\Java\javapath;C:\Windows\system32;C:\Windows;C:\Windows\System32\Wbem;C:\Windows\System32\WindowsPowerShell\v1.0\;C:\Program Files\Aladdin\eToken\PKIClient\x32;C:\Program Files\Aladdin\eToken\PKIClient\x64;C:\Program Files (x86)\Microsoft SQL Server\110\Tools\Binn\ManagementStudio\;C:\Program Files (x86)\Microsoft SQL Server\110\Tools\Binn\;C:\Program Files (x86)\Microsoft SQL Server\110\DTS\Binn\;C:\Program Files\Microsoft SQL Server\120\Tools\Binn\;C:\Program Files\Microsoft SQL Server\130\Tools\Binn\;C:\Program Files\TortoiseHg\;C:\xampp\php;C:\ProgramData\ComposerSetup\bin;C:\Program Files\Haskell Platform\8.6.3\mingw\bin;C:\Program Files\dotnet\C:\Gradle\bin;C:\Gradle\bin;C:\Program Files\Git\cmd;C:\Program Files (x86)\Java\jdk-13\bin;C:\Program Files (x86)\Java\jdk-13\bin;C:\Program Files\PuTTY\;C:\Program Files (x86)\Windows Live\Shared;C:\Strawberry\c\bin;C:\Strawberry\perl\site\bin;C:\Strawberry\perl\bin;C:\Users\Alt\AppData\Roaming\cabal\bin;C:\Users\Alt\AppData\Roaming\local\bin;C:\Users\Alt\AppData\Local\Microsoft\WindowsApps;C:\Users\Alt\AppData\Local\Pandoc\;C:\Users\Alt\AppData\Roaming\Composer\vendor\bin;c:\ProgramData\ComposerSetup\bin\;C:\Program Files\JetBrains\PyCharm Community Edition 2019.3.3\bin;;C:\Program Files\JetBrains\PyCharm 2019.3.3\bin;;C:\Strawberry\c\bin\spin;C:\Strawberry\c\bin\;C:\ActiveTcl\bin\;C:\Users\Alt\AppData\Local\Programs\Python\Python38-32\Scripts;C:\graphviz\bin\;C:\Users\Alt\AppData\Local\Programs\MiKTeX 2.9\miktex\bin\x64\;C:\Users\Alt\AppData\Local\Programs\Microsoft VS Code\bin
USERNAME=User
OS=Windows_NT
PROCESSOR_IDENTIFIER=Intel64 Family 6 Model 78 Stepping 3, GenuineIntel



---------------  S Y S T E M  ---------------

OS: Windows 10 , 64 bit Build 14393 (10.0.14393.2758)

CPU:total 4 (initial active 4) (2 cores per cpu, 2 threads per core) family 6 model 78 stepping 3, cmov, cx8, fxsr, mmx, sse, sse2, sse3, ssse3, sse4.1, sse4.2, popcnt, avx, avx2, aes, clmul, erms, 3dnowpref, lzcnt, ht, tsc, tscinvbit, bmi1, bmi2, adx, fma

Memory: 4k page, system-wide physical 12176M (1806M free)
TotalPageFile size 12176M (AvailPageFile size 31M)
current process WorkingSet (physical memory assigned to process): 16M, peak: 16M
current process commit charge ("private bytes"): 250M, peak: 250M

vm_info: OpenJDK 64-Bit Server VM (11.0.3+12-b304.39) for windows-amd64 JRE (11.0.3+12-b304.39), built on Aug 14 2019 11:03:43 by "" with MS VC++ 14.0 (VS2015)

END.
